SCORES FOR THE GROUP: RBinternalDevel RUN=1

Strict matching (boundaries + type)
cor	inc	par	mis	spu	total	prec	recall	F1
1142	196	0	433	272	1771	0.71	0.64	0.68



Exact matching
cor	inc	par	mis	spu	total	prec	recall	F1
1249	89	0	433	272	1771	0.78	0.71	0.74



Partial matching
cor	inc	par	mis	spu	total	prec	recall	F1
1249	0	89	433	272	1771	0.78	0.73	0.75



type matching
cor	inc	par	mis	spu	total	prec	recall	F1
1205	133	0	433	272	1771	0.75	0.68	0.71



SCORES FOR ENTITY TYPE
Exact matching on drug
cor	inc	par	mis	spu	total	prec	recall	F1
806	16	0	223	206	1045	0.78	0.77	0.78


Exact matching on brand
cor	inc	par	mis	spu	total	prec	recall	F1
91	0	0	89	0	180	1	0.51	0.67


Exact matching on group
cor	inc	par	mis	spu	total	prec	recall	F1
228	48	0	178	39	454	0.72	0.5	0.59


Exact matching on drug_n
cor	inc	par	mis	spu	total	prec	recall	F1
17	0	0	75	1	92	0.94	0.18	0.31


MACRO-AVERAGE MEASURES:
P	R	F1
0.86	0.49	0.59
________________________________________________________________________

