Partial Evaluation: only detection of DDI (regadless to the type)
tp	fp	fn	total	prec	recall	F1
218	135	266	484	0.6176	0.4504	0.5209


Detection and Classification of DDI
tp	fp	fn	total	prec	recall	F1
196	157	288	484	0.5552	0.405	0.4683


________________________________________________________________________

SCORES FOR DDI TYPE
Scores for ddi with type mechanism
tp	fp	fn	total	prec	recall	F1
61	69	140	201	0.4692	0.3035	0.3686


Scores for ddi with type effect
tp	fp	fn	total	prec	recall	F1
87	60	75	162	0.5918	0.537	0.5631


Scores for ddi with type advise
tp	fp	fn	total	prec	recall	F1
46	28	73	119	0.6216	0.3866	0.4767


Scores for ddi with type int
tp	fp	fn	total	prec	recall	F1
2	0	0	2	1	1	1


MACRO-AVERAGE MEASURES:
	P	R	F1
	0.6707	0.5568	0.6084
________________________________________________________________________

