SCORES FOR THE GROUP: MLinternalDevel RUN=1

Strict matching (boundaries + type)
cor	inc	par	mis	spu	total	prec	recall	F1
1163	73	0	535	27	1771	0.92	0.66	0.77



Exact matching
cor	inc	par	mis	spu	total	prec	recall	F1
1179	57	0	535	27	1771	0.93	0.67	0.78



Partial matching
cor	inc	par	mis	spu	total	prec	recall	F1
1179	0	57	535	27	1771	0.93	0.68	0.79



type matching
cor	inc	par	mis	spu	total	prec	recall	F1
1207	29	0	535	27	1771	0.96	0.68	0.8



SCORES FOR ENTITY TYPE
Exact matching on drug
cor	inc	par	mis	spu	total	prec	recall	F1
766	14	0	265	18	1045	0.96	0.73	0.83


Exact matching on brand
cor	inc	par	mis	spu	total	prec	recall	F1
94	3	0	83	0	180	0.97	0.52	0.68


Exact matching on group
cor	inc	par	mis	spu	total	prec	recall	F1
286	31	0	137	13	454	0.87	0.63	0.73


Exact matching on drug_n
cor	inc	par	mis	spu	total	prec	recall	F1
17	0	0	75	1	92	0.94	0.18	0.31


MACRO-AVERAGE MEASURES:
P	R	F1
0.94	0.52	0.64
________________________________________________________________________

